<?xml version="1.0" encoding="UTF-8"?>
<testsuite xmlns:xsi="http://www.w3.org/2001/XMLSchema-instance" xsi:noNamespaceSchemaLocation="https://maven.apache.org/surefire/maven-surefire-plugin/xsd/surefire-test-report-3.0.xsd" version="3.0" name="com.tp_ia.LogistiqueLMIATests" time="0.308" tests="7" errors="0" skipped="0" failures="0">
  <properties>
[...]
</properties>
  <testcase name="prepareDatasets" classname="com.tp_ia.LogistiqueLMIATests" time="0.011">
    <system-out><![CDATA[Fichier CSV converti créé : C:\Users\yovan\Documents\ecole\TP_R6_Ponnou_Yovanne\src\main\resources\livraison_retards_dataset_converted.csv
]]></system-out>
  </testcase>
  <testcase name="loadDatasets" classname="com.tp_ia.LogistiqueLMIATests" time="0.075">
    <system-out><![CDATA[Source de données chargée : CSVDataSource(file=file:///C:/Users/yovan/Documents/ecole/TP_R6_Ponnou_Yovanne/src/main/resources/livraison_retards_dataset_converted.csv,rowProcessor=RowProcessor(responseProcessor=FieldResponseProcessor(fieldNames=[retard],displayField=false,uppercase=true),fieldProcessorMap={pluie=IdentityProcessor(fieldName=pluie), jour_semaine=IdentityProcessor(fieldName=jour_semaine), vehicule_type=IdentityProcessor(fieldName=vehicule_type), heure_decimal=DoubleFieldProcessor(fieldName=heure_decimal,onlyFieldName=false,throwOnInvalid=false), distance_km=DoubleFieldProcessor(fieldName=distance_km,onlyFieldName=false,throwOnInvalid=false)},featureProcessors=[],metadataExtractors=[],weightExtractor=null))
]]></system-out>
  </testcase>
  <testcase name="splitTrainTest" classname="com.tp_ia.LogistiqueLMIATests" time="0.052">
    <system-out><![CDATA[Train : 80 exemples | Test : 20 exemples
]]></system-out>
  </testcase>
  <testcase name="training" classname="com.tp_ia.LogistiqueLMIATests" time="0.056">
    <system-out><![CDATA[Modèle entraîné avec succès.
]]></system-out>
    <system-err><![CDATA[févr. 26, 2026 2:57:07 PM org.tribuo.common.sgd.AbstractSGDTrainer train
INFO: Training SGD model with 80 examples
févr. 26, 2026 2:57:07 PM org.tribuo.common.sgd.AbstractSGDTrainer train
INFO: Outputs - (0,OUI,53), (1,NON,27)
]]></system-err>
  </testcase>
  <testcase name="evaluator" classname="com.tp_ia.LogistiqueLMIATests" time="0.019">
    <system-out><![CDATA[=== Résultats de l'évaluation ===
Class                           n          tp          fn          fp      recall        prec          f1
OUI                             7           7           0           1       1,000       0,875       0,933
NON                            13          12           1           0       0,923       1,000       0,960
Total                          20          19           1           1
Accuracy                                                                    0,950
Micro Average                                                               0,950       0,950       0,950
Macro Average                                                               0,962       0,938       0,947
Balanced Error Rate                                                         0,038
Accuracy : 95,00%
]]></system-out>
  </testcase>
  <testcase name="saveModel" classname="com.tp_ia.LogistiqueLMIATests" time="0.056">
    <system-out><![CDATA[Modèle sauvegardé dans : C:\Users\yovan\Documents\ecole\TP_R6_Ponnou_Yovanne\src\main\resources\livraison_regressor.ser
]]></system-out>
  </testcase>
  <testcase name="predictor" classname="com.tp_ia.LogistiqueLMIATests" time="0.018">
    <system-out><![CDATA[=== Prédiction ===
Retard prédit : (OUI,0.9804719754054856)
Distribution des scores : {OUI=(OUI,0.9804719754054856), NON=(NON,0.019528024594514436)}
]]></system-out>
  </testcase>
</testsuite>